<?xml version="1.0" encoding="UTF-8"?>
<!-- Generated by org.testng.reporters.JUnitReportReporter -->
<testsuite hostname="ANILs-MacBook-Air.local" failures="0" tests="1" name="com.qa.test.GetAPITest" time="0.673" errors="0" timestamp="2022-02-03T13:13:32 IST" skipped="0">
  <testcase classname="com.qa.test.GetAPITest" name="apiTest" time="0.673"/>
  <system-out/>
</testsuite> <!-- com.qa.test.GetAPITest -->
