<?xml version="1.0" encoding="UTF-8"?>
<!-- Generated by org.testng.reporters.JUnitReportReporter -->
<testsuite hostname="ANILs-MacBook-Air.local" failures="0" tests="5" name="com.qa.opencart.Test.LoginPageTest" time="2.154" errors="0" timestamp="02 Oct 2021 12:35:04 GMT" skipped="0">
  <testcase classname="com.qa.opencart.Test.LoginPageTest" name="registerLinkTest" time="0.083"/>
  <testcase classname="com.qa.opencart.Test.LoginPageTest" name="loginTest" time="1.917"/>
  <testcase classname="com.qa.opencart.Test.LoginPageTest" name="loginPageUrlTest" time="0.010"/>
  <testcase classname="com.qa.opencart.Test.LoginPageTest" name="forgotPwdLinkTest" time="0.136"/>
  <testcase classname="com.qa.opencart.Test.LoginPageTest" name="loginPageTileTest" time="0.008"/>
</testsuite> <!-- com.qa.opencart.Test.LoginPageTest -->
