<?xml version="1.0" encoding="UTF-8"?>
<!-- Generated by org.testng.reporters.JUnitReportReporter -->
<testsuite hostname="ANILs-MacBook-Air.local" failures="0" tests="13" name="testrunner.ParallelRun" time="452.245" errors="0" timestamp="2022-06-18T02:33:41 IST" skipped="0">
  <testcase classname="testrunner.ParallelRun" name="runScenario" time="41.696"/>
  <system-out/>
  <testcase classname="testrunner.ParallelRun" name="runScenario" time="14.936"/>
  <system-out/>
  <testcase classname="testrunner.ParallelRun" name="runScenario" time="37.006"/>
  <system-out/>
  <testcase classname="testrunner.ParallelRun" name="runScenario" time="43.532"/>
  <system-out/>
  <testcase classname="testrunner.ParallelRun" name="runScenario" time="14.008"/>
  <system-out/>
  <testcase classname="testrunner.ParallelRun" name="runScenario" time="42.897"/>
  <system-out/>
  <testcase classname="testrunner.ParallelRun" name="runScenario" time="36.802"/>
  <system-out/>
  <testcase classname="testrunner.ParallelRun" name="runScenario" time="36.477"/>
  <system-out/>
  <testcase classname="testrunner.ParallelRun" name="runScenario" time="43.625"/>
  <system-out/>
  <testcase classname="testrunner.ParallelRun" name="runScenario" time="18.353"/>
  <system-out/>
  <testcase classname="testrunner.ParallelRun" name="runScenario" time="43.772"/>
  <system-out/>
  <testcase classname="testrunner.ParallelRun" name="runScenario" time="36.843"/>
  <system-out/>
  <testcase classname="testrunner.ParallelRun" name="runScenario" time="42.298"/>
  <system-out/>
</testsuite> <!-- testrunner.ParallelRun -->
