<?xml version="1.0" encoding="UTF-8"?>
<!-- Generated by org.testng.reporters.JUnitReportReporter -->
<testsuite hostname="ANILs-MacBook-Air.local" failures="0" tests="13" name="testrunner.ParallelRun" time="532.838" errors="0" timestamp="2022-06-13T01:31:05 IST" skipped="0">
  <testcase classname="testrunner.ParallelRun" name="runScenario" time="33.061"/>
  <system-out/>
  <testcase classname="testrunner.ParallelRun" name="runScenario" time="46.925"/>
  <system-out/>
  <testcase classname="testrunner.ParallelRun" name="runScenario" time="30.486"/>
  <system-out/>
  <testcase classname="testrunner.ParallelRun" name="runScenario" time="47.948"/>
  <system-out/>
  <testcase classname="testrunner.ParallelRun" name="runScenario" time="47.615"/>
  <system-out/>
  <testcase classname="testrunner.ParallelRun" name="runScenario" time="32.664"/>
  <system-out/>
  <testcase classname="testrunner.ParallelRun" name="runScenario" time="47.995"/>
  <system-out/>
  <testcase classname="testrunner.ParallelRun" name="runScenario" time="42.159"/>
  <system-out/>
  <testcase classname="testrunner.ParallelRun" name="runScenario" time="30.218"/>
  <system-out/>
  <testcase classname="testrunner.ParallelRun" name="runScenario" time="62.501"/>
  <system-out/>
  <testcase classname="testrunner.ParallelRun" name="runScenario" time="47.633"/>
  <system-out/>
  <testcase classname="testrunner.ParallelRun" name="runScenario" time="23.033"/>
  <system-out/>
  <testcase classname="testrunner.ParallelRun" name="runScenario" time="40.600"/>
  <system-out/>
</testsuite> <!-- testrunner.ParallelRun -->
