<?xml version="1.0" encoding="UTF-8"?>
<!-- Generated by org.testng.reporters.JUnitReportReporter -->
<testsuite hostname="ANILs-MacBook-Air.local" failures="0" tests="3" name="testngsession.testngAnnotations" time="0.012" errors="0" timestamp="25 Sep 2021 19:33:57 GMT" skipped="0">
  <testcase classname="testngsession.testngAnnotations" name="homePageSearchTEST" time="0.001"/>
  <testcase classname="testngsession.testngAnnotations" name="homePageHeaderTEST" time="0.007"/>
  <testcase classname="testngsession.testngAnnotations" name="homePageTitleTEST" time="0.004"/>
</testsuite> <!-- testngsession.testngAnnotations -->
