<?xml version="1.0" encoding="UTF-8"?>
<!-- Generated by org.testng.reporters.JUnitReportReporter -->
<testsuite hostname="ANILs-MacBook-Air.local" failures="0" tests="2" name="testngsession.AmazonTest" time="0.280" errors="0" timestamp="25 Sep 2021 20:03:06 GMT" skipped="0">
  <testcase classname="testngsession.AmazonTest" name="TitleTest" time="0.067"/>
  <testcase classname="testngsession.AmazonTest" name="searchTest" time="0.213"/>
</testsuite> <!-- testngsession.AmazonTest -->
