<?xml version="1.0" encoding="UTF-8"?>
<!-- Generated by org.testng.reporters.JUnitReportReporter -->
<testsuite hostname="ANILs-MacBook-Air.local" failures="0" tests="3" name="com.qa.opencart.test.RegistrationPageTest" time="59.815" errors="0" timestamp="05 Apr 2022 13:48:18 GMT" skipped="0">
  <testcase classname="com.qa.opencart.test.RegistrationPageTest" name="registrationTest" time="19.730"/>
  <testcase classname="com.qa.opencart.test.RegistrationPageTest" name="registrationTest" time="19.992"/>
  <testcase classname="com.qa.opencart.test.RegistrationPageTest" name="registrationTest" time="20.093"/>
</testsuite> <!-- com.qa.opencart.test.RegistrationPageTest -->
