<?xml version="1.0" encoding="UTF-8"?>
<!-- Generated by org.testng.reporters.JUnitReportReporter -->
<testsuite hostname="ANILs-MacBook-Air.local" failures="0" tests="2" name="testngfeatures.ExpectedExceptionConcept" time="0.018" errors="0" timestamp="27 Dec 2021 07:53:18 GMT" skipped="0">
  <testcase classname="testngfeatures.ExpectedExceptionConcept" name="createUserTest" time="0.002"/>
  <testcase classname="testngfeatures.ExpectedExceptionConcept" name="UserTest" time="0.016"/>
</testsuite> <!-- testngfeatures.ExpectedExceptionConcept -->
