<?xml version="1.0" encoding="UTF-8"?>
<!-- Generated by org.testng.reporters.JUnitReportReporter -->
<testsuite hostname="ANILs-MacBook-Air.local" failures="0" tests="10" name="testngfeatures.InvocationCountMethod" time="0.103" errors="0" timestamp="27 Dec 2021 07:14:36 GMT" skipped="0">
  <testcase classname="testngfeatures.InvocationCountMethod" name="loginTest" time="0.002"/>
  <testcase classname="testngfeatures.InvocationCountMethod" name="loginTest" time="0.006"/>
  <testcase classname="testngfeatures.InvocationCountMethod" name="loginTest" time="0.004"/>
  <testcase classname="testngfeatures.InvocationCountMethod" name="loginTest" time="0.004"/>
  <testcase classname="testngfeatures.InvocationCountMethod" name="loginTest" time="0.032"/>
  <testcase classname="testngfeatures.InvocationCountMethod" name="loginTest" time="0.003"/>
  <testcase classname="testngfeatures.InvocationCountMethod" name="loginTest" time="0.003"/>
  <testcase classname="testngfeatures.InvocationCountMethod" name="loginTest" time="0.002"/>
  <testcase classname="testngfeatures.InvocationCountMethod" name="loginTest" time="0.015"/>
  <testcase classname="testngfeatures.InvocationCountMethod" name="loginTest" time="0.032"/>
</testsuite> <!-- testngfeatures.InvocationCountMethod -->
