<?xml version="1.0" encoding="UTF-8"?>
<!-- Generated by org.testng.reporters.JUnitReportReporter -->
<testsuite hostname="ANILs-MacBook-Air.local" failures="0" tests="3" name="testNgSessions.AmazonTest" time="0.452" errors="0" timestamp="26 Dec 2021 18:56:40 GMT" skipped="0">
  <testcase classname="testNgSessions.AmazonTest" name="titleTest" time="0.014"/>
  <testcase classname="testNgSessions.AmazonTest" name="logoTest" time="0.380"/>
  <testcase classname="testNgSessions.AmazonTest" name="searchTest" time="0.058"/>
</testsuite> <!-- testNgSessions.AmazonTest -->
