<?xml version="1.0" encoding="UTF-8"?>
<!-- Generated by org.testng.reporters.JUnitReportReporter -->
<testsuite hostname="ANILs-MacBook-Air.local" failures="0" tests="2" name="TestCases.FreshWorkTest" time="0.127" errors="0" timestamp="27 Dec 2021 17:48:05 GMT" skipped="0">
  <testcase classname="TestCases.FreshWorkTest" name="titleTest" time="0.032"/>
  <testcase classname="TestCases.FreshWorkTest" name="logoTest" time="0.095"/>
</testsuite> <!-- TestCases.FreshWorkTest -->
