<?xml version="1.0" encoding="UTF-8"?>
<!-- Generated by org.testng.reporters.JUnitReportReporter -->
<testsuite hostname="ANILs-MacBook-Air.local" failures="0" tests="5" name="testngfeatures.PriorityConcept" time="0.054" errors="0" timestamp="27 Dec 2021 06:18:37 GMT" skipped="0">
  <testcase classname="testngfeatures.PriorityConcept" name="a_test" time="0.014"/>
  <testcase classname="testngfeatures.PriorityConcept" name="c_test" time="0.010"/>
  <testcase classname="testngfeatures.PriorityConcept" name="b_test" time="0.007"/>
  <testcase classname="testngfeatures.PriorityConcept" name="d_test" time="0.019"/>
  <testcase classname="testngfeatures.PriorityConcept" name="e_test" time="0.004"/>
</testsuite> <!-- testngfeatures.PriorityConcept -->
