<?xml version="1.0" encoding="UTF-8"?>
<!-- Generated by org.testng.reporters.JUnitReportReporter -->
<testsuite hostname="ANILs-MacBook-Air.local" failures="0" tests="3" name="TestCases.AmazonTest" time="1.783" errors="0" timestamp="27 Dec 2021 17:48:05 GMT" skipped="0">
  <testcase classname="TestCases.AmazonTest" name="logoTest" time="1.244"/>
  <testcase classname="TestCases.AmazonTest" name="titleTest" time="0.384"/>
  <testcase classname="TestCases.AmazonTest" name="searchTest" time="0.155"/>
</testsuite> <!-- TestCases.AmazonTest -->
