<?xml version="1.0" encoding="UTF-8"?>
<!-- Generated by org.testng.reporters.JUnitReportReporter -->
<testsuite hostname="ANILs-MacBook-Air.local" failures="0" tests="3" name="testNgSessions.TestNgAnnotation" time="0.013" errors="0" timestamp="26 Dec 2021 18:28:03 GMT" skipped="0">
  <testcase classname="testNgSessions.TestNgAnnotation" name="homePageTitleTest" time="0.003"/>
  <testcase classname="testNgSessions.TestNgAnnotation" name="searchTest" time="0.003"/>
  <testcase classname="testNgSessions.TestNgAnnotation" name="homePageHeaderTest" time="0.007"/>
</testsuite> <!-- testNgSessions.TestNgAnnotation -->
