<?xml version="1.0" encoding="UTF-8"?>
<!-- Generated by org.testng.reporters.JUnitReportReporter -->
<testsuite hostname="ANILs-MacBook-Air.local" failures="0" tests="4" name="testngfeatures.TestEnableDisable" time="0.017" errors="0" timestamp="27 Dec 2021 07:32:45 GMT" skipped="1">
  <testcase classname="testngfeatures.TestEnableDisable" name="deleteUserTest" time="0.003"/>
  <testcase classname="testngfeatures.TestEnableDisable" name="updateUserTest" time="0.001"/>
  <testcase classname="testngfeatures.TestEnableDisable" name="createUserTest" time="0.013"/>
  <testcase classname="testngfeatures.TestEnableDisable" name="getUserTest">
    <skipped/>
  </testcase> <!-- getUserTest -->
</testsuite> <!-- testngfeatures.TestEnableDisable -->
