<?xml version="1.0" encoding="UTF-8"?>
<!-- Generated by org.testng.reporters.JUnitReportReporter -->
<testsuite hostname="ANILs-MacBook-Air.local" failures="0" tests="1" name="testngfeatures.DependsOnMethodsConcept" time="0.015" errors="0" timestamp="27 Dec 2021 07:11:09 GMT" skipped="0">
  <testcase classname="testngfeatures.DependsOnMethodsConcept" name="getUserTest" time="0.015"/>
</testsuite> <!-- testngfeatures.DependsOnMethodsConcept -->
