<?xml version="1.0" encoding="UTF-8"?>
<!-- Generated by org.testng.reporters.JUnitReportReporter -->
<testsuite hostname="ANILs-MacBook-Air.local" failures="0" tests="3" name="testNgSessions.AmazonTestWithBM" time="21.077" errors="0" timestamp="26 Dec 2021 19:00:45 GMT" skipped="0">
  <testcase classname="testNgSessions.AmazonTestWithBM" name="titleTest" time="6.623"/>
  <testcase classname="testNgSessions.AmazonTestWithBM" name="logoTest" time="7.763"/>
  <testcase classname="testNgSessions.AmazonTestWithBM" name="searchTest" time="6.691"/>
</testsuite> <!-- testNgSessions.AmazonTestWithBM -->
