<?xml version="1.0" encoding="UTF-8"?>
<!-- Generated by org.testng.reporters.JUnitReportReporter -->
<testsuite hostname="ANILs-MacBook-Air.local" failures="0" tests="3" name="com.Apauto.test.Test3" time="0.018" errors="0" timestamp="28 Oct 2021 09:32:36 GMT" skipped="0">
  <testcase classname="com.Apauto.test.Test3" name="testString" time="0.001"/>
  <testcase classname="com.Apauto.test.Test3" name="testString" time="0.002"/>
  <testcase classname="com.Apauto.test.Test3" name="test" time="0.015"/>
</testsuite> <!-- com.Apauto.test.Test3 -->
