<?xml version="1.0" encoding="UTF-8"?>
<!-- Generated by org.testng.reporters.JUnitReportReporter -->
<testsuite hostname="ANILs-MacBook-Air.local" failures="0" tests="2" name="com.Apauto.test.LoginPageTests" time="20.240" errors="0" timestamp="15 Sep 2021 13:19:12 GMT" skipped="0">
  <testcase classname="com.Apauto.test.LoginPageTests" name="test2" time="8.457"/>
  <testcase classname="com.Apauto.test.LoginPageTests" name="test1" time="11.783"/>
</testsuite> <!-- com.Apauto.test.LoginPageTests -->
